<?xml version="1.0" encoding="UTF-8"?>
<!-- Generated by org.testng.reporters.JUnitReportReporter -->
<testsuite hostname="DhivyaGokul" failures="0" tests="1" name="org.demo.OrangeHRM.LoginTest" time="2.170" errors="0" timestamp="2023-03-31T16:35:48 EDT" skipped="0">
  <testcase classname="org.demo.OrangeHRM.LoginTest" name="loginTest" time="2.170"/>
  <system-out/>
</testsuite> <!-- org.demo.OrangeHRM.LoginTest -->
