<?xml version="1.0" encoding="UTF-8"?>
<!-- Generated by org.testng.reporters.JUnitReportReporter -->
<testsuite hostname="DhivyaGokul" failures="0" tests="3" name="org.demo.OrangeHRM.HRMTest" time="24.575" errors="0" timestamp="2023-04-11T14:01:11 EDT" skipped="0">
  <testcase classname="org.demo.OrangeHRM.HRMTest" name="loginTest" time="1.532"/>
  <system-out/>
  <testcase classname="org.demo.OrangeHRM.HRMTest" name="userManagementTest" time="11.559"/>
  <system-out/>
  <testcase classname="org.demo.OrangeHRM.HRMTest" name="leaveListTest" time="11.484"/>
  <system-out/>
</testsuite> <!-- org.demo.OrangeHRM.HRMTest -->
