<?xml version="1.0" encoding="UTF-8"?>
<!-- Generated by org.testng.reporters.JUnitReportReporter -->
<testsuite hostname="DhivyaGokul" failures="0" tests="1" name="org.demo.OrangeHRM.BaseTest" time="9.137" errors="0" timestamp="2023-03-26T15:19:02 EDT" skipped="0">
  <testcase classname="org.demo.OrangeHRM.BaseTest" name="test" time="9.137"/>
  <system-out/>
</testsuite> <!-- org.demo.OrangeHRM.BaseTest -->
