<?xml version="1.0" encoding="UTF-8"?>
<!-- Generated by org.testng.reporters.JUnitReportReporter -->
<testsuite hostname="DhivyaGokul" failures="0" tests="2" name="org.demo.OrangeHRM.HRMTest" time="14.062" errors="0" timestamp="2023-03-31T16:48:50 EDT" skipped="0">
  <testcase classname="org.demo.OrangeHRM.HRMTest" name="loginTest" time="1.994"/>
  <system-out/>
  <testcase classname="org.demo.OrangeHRM.HRMTest" name="userManagementTest" time="12.068"/>
  <system-out/>
</testsuite> <!-- org.demo.OrangeHRM.HRMTest -->
